# JRE version: Java(TM) SE Runtime Environment (8.0_101-b13) (build 1.8.0_101-b13)
# Java VM: Java HotSpot(TM) 64-Bit Server VM (25.101-b13 mixed mode windows-amd64 compressed oops)
Heap:
 PSYoungGen      total 960512K, used 938885K [0x000000076b180000, 0x00000007bb400000, 0x00000007c0000000)
  eden space 960000K, 97% used [0x000000076b180000,0x00000007a46396e0,0x00000007a5b00000)
  from space 512K, 31% used [0x00000007bb380000,0x00000007bb3a8000,0x00000007bb400000)
  to   space 73216K, 0% used [0x00000007b2500000,0x00000007b2500000,0x00000007b6c80000)
 ParOldGen       total 146944K, used 103353K [0x00000006c1400000, 0x00000006ca380000, 0x000000076b180000)
  object space 146944K, 70% used [0x00000006c1400000,0x00000006c78ee7f0,0x00000006ca380000)
 Metaspace       used 83319K, capacity 86618K, committed 86744K, reserved 1126400K
  class space    used 8716K, capacity 9155K, committed 9216K, reserved 1048576K
GC Heap History (10 events):
Event: 205.896 GC heap before
{Heap before GC invocations=27 (full 3):
 PSYoungGen      total 660992K, used 595456K [0x000000076b180000, 0x00000007a4c80000, 0x00000007c0000000)
  eden space 595456K, 100% used [0x000000076b180000,0x000000078f700000,0x000000078f700000)
  from space 65536K, 0% used [0x000000078f700000,0x000000078f700000,0x0000000793700000)
  to   space 61952K, 0% used [0x00000007a1000000,0x00000007a1000000,0x00000007a4c80000)
 ParOldGen       total 146944K, used 52777K [0x00000006c1400000, 0x00000006ca380000, 0x000000076b180000)
  object space 146944K, 35% used [0x00000006c1400000,0x00000006c478a5c8,0x00000006ca380000)
 Metaspace       used 70088K, capacity 71096K, committed 71256K, reserved 1112064K
  class space    used 7949K, capacity 8216K, committed 8320K, reserved 1048576K
Event: 206.062 GC heap after
Heap after GC invocations=27 (full 3):
 PSYoungGen      total 863744K, used 45492K [0x000000076b180000, 0x00000007a4700000, 0x00000007c0000000)
  eden space 807424K, 0% used [0x000000076b180000,0x000000076b180000,0x000000079c600000)
  from space 56320K, 80% used [0x00000007a1000000,0x00000007a3c6d300,0x00000007a4700000)
  to   space 66048K, 0% used [0x000000079c600000,0x000000079c600000,0x00000007a0680000)
 ParOldGen       total 146944K, used 52777K [0x00000006c1400000, 0x00000006ca380000, 0x000000076b180000)
  object space 146944K, 35% used [0x00000006c1400000,0x00000006c478a5c8,0x00000006ca380000)
 Metaspace       used 70088K, capacity 71096K, committed 71256K, reserved 1112064K
  class space    used 7949K, capacity 8216K, committed 8320K, reserved 1048576K
}
Event: 252.444 GC heap before
{Heap before GC invocations=28 (full 3):
 PSYoungGen      total 863744K, used 852916K [0x000000076b180000, 0x00000007a4700000, 0x00000007c0000000)
  eden space 807424K, 100% used [0x000000076b180000,0x000000079c600000,0x000000079c600000)
  from space 56320K, 80% used [0x00000007a1000000,0x00000007a3c6d300,0x00000007a4700000)
  to   space 66048K, 0% used [0x000000079c600000,0x000000079c600000,0x00000007a0680000)
 ParOldGen       total 146944K, used 52777K [0x00000006c1400000, 0x00000006ca380000, 0x000000076b180000)
  object space 146944K, 35% used [0x00000006c1400000,0x00000006c478a5c8,0x00000006ca380000)
 Metaspace       used 75514K, capacity 77452K, committed 77528K, reserved 1118208K
  class space    used 8338K, capacity 8664K, committed 8704K, reserved 1048576K
Event: 252.527 GC heap after
Heap after GC invocations=28 (full 3):
 PSYoungGen      total 873472K, used 58758K [0x000000076b180000, 0x00000007b2280000, 0x00000007c0000000)
  eden space 807424K, 0% used [0x000000076b180000,0x000000076b180000,0x000000079c600000)
  from space 66048K, 88% used [0x000000079c600000,0x000000079ff61bf0,0x00000007a0680000)
  to   space 74240K, 0% used [0x00000007ada00000,0x00000007ada00000,0x00000007b2280000)
 ParOldGen       total 146944K, used 81083K [0x00000006c1400000, 0x00000006ca380000, 0x000000076b180000)
  object space 146944K, 55% used [0x00000006c1400000,0x00000006c632efb8,0x00000006ca380000)
 Metaspace       used 75514K, capacity 77452K, committed 77528K, reserved 1118208K
  class space    used 8338K, capacity 8664K, committed 8704K, reserved 1048576K
}
Event: 416.306 GC heap before
{Heap before GC invocations=29 (full 3):
 PSYoungGen      total 873472K, used 866182K [0x000000076b180000, 0x00000007b2280000, 0x00000007c0000000)
  eden space 807424K, 100% used [0x000000076b180000,0x000000079c600000,0x000000079c600000)
  from space 66048K, 88% used [0x000000079c600000,0x000000079ff61bf0,0x00000007a0680000)
  to   space 74240K, 0% used [0x00000007ada00000,0x00000007ada00000,0x00000007b2280000)
 ParOldGen       total 146944K, used 81083K [0x00000006c1400000, 0x00000006ca380000, 0x000000076b180000)
  object space 146944K, 55% used [0x00000006c1400000,0x00000006c632efb8,0x00000006ca380000)
 Metaspace       used 80360K, capacity 83202K, committed 83288K, reserved 1124352K
  class space    used 8643K, capacity 9058K, committed 9088K, reserved 1048576K
Event: 416.363 GC heap after
Heap after GC invocations=29 (full 3):
 PSYoungGen      total 1071616K, used 40955K [0x000000076b180000, 0x00000007b1980000, 0x00000007c0000000)
  eden space 1006592K, 0% used [0x000000076b180000,0x000000076b180000,0x00000007a8880000)
  from space 65024K, 62% used [0x00000007ada00000,0x00000007b01feda0,0x00000007b1980000)
  to   space 74240K, 0% used [0x00000007a8880000,0x00000007a8880000,0x00000007ad100000)
 ParOldGen       total 146944K, used 92007K [0x00000006c1400000, 0x00000006ca380000, 0x000000076b180000)
  object space 146944K, 62% used [0x00000006c1400000,0x00000006c6dd9d88,0x00000006ca380000)
 Metaspace       used 80360K, capacity 83202K, committed 83288K, reserved 1124352K
  class space    used 8643K, capacity 9058K, committed 9088K, reserved 1048576K
}
Event: 11379.334 GC heap before
{Heap before GC invocations=30 (full 3):
 PSYoungGen      total 1071616K, used 1047547K [0x000000076b180000, 0x00000007b1980000, 0x00000007c0000000)
  eden space 1006592K, 100% used [0x000000076b180000,0x00000007a8880000,0x00000007a8880000)
  from space 65024K, 62% used [0x00000007ada00000,0x00000007b01feda0,0x00000007b1980000)
  to   space 74240K, 0% used [0x00000007a8880000,0x00000007a8880000,0x00000007ad100000)
 ParOldGen       total 146944K, used 92007K [0x00000006c1400000, 0x00000006ca380000, 0x000000076b180000)
  object space 146944K, 62% used [0x00000006c1400000,0x00000006c6dd9d88,0x00000006ca380000)
 Metaspace       used 81790K, capacity 84864K, committed 85208K, reserved 1126400K
  class space    used 8668K, capacity 9092K, committed 9216K, reserved 1048576K
Event: 11379.356 GC heap after
Heap after GC invocations=30 (full 3):
 PSYoungGen      total 1080832K, used 13349K [0x000000076b180000, 0x00000007bfa80000, 0x00000007c0000000)
  eden space 1006592K, 0% used [0x000000076b180000,0x000000076b180000,0x00000007a8880000)
  from space 74240K, 17% used [0x00000007a8880000,0x00000007a95897d0,0x00000007ad100000)
  to   space 72704K, 0% used [0x00000007bb380000,0x00000007bb380000,0x00000007bfa80000)
 ParOldGen       total 146944K, used 100802K [0x00000006c1400000, 0x00000006ca380000, 0x000000076b180000)
  object space 146944K, 68% used [0x00000006c1400000,0x00000006c7670a48,0x00000006ca380000)
 Metaspace       used 81790K, capacity 84864K, committed 85208K, reserved 1126400K
  class space    used 8668K, capacity 9092K, committed 9216K, reserved 1048576K
}
Event: 25632.782 GC heap before
{Heap before GC invocations=31 (full 3):
 PSYoungGen      total 1080832K, used 1019941K [0x000000076b180000, 0x00000007bfa80000, 0x00000007c0000000)
  eden space 1006592K, 100% used [0x000000076b180000,0x00000007a8880000,0x00000007a8880000)
  from space 74240K, 17% used [0x00000007a8880000,0x00000007a95897d0,0x00000007ad100000)
  to   space 72704K, 0% used [0x00000007bb380000,0x00000007bb380000,0x00000007bfa80000)
 ParOldGen       total 146944K, used 100802K [0x00000006c1400000, 0x00000006ca380000, 0x000000076b180000)
  object space 146944K, 68% used [0x00000006c1400000,0x00000006c7670a48,0x00000006ca380000)
 Metaspace       used 82283K, capacity 85376K, committed 85720K, reserved 1126400K
  class space    used 8673K, capacity 9092K, committed 9216K, reserved 1048576K
Event: 25632.787 GC heap after
Heap after GC invocations=31 (full 3):
 PSYoungGen      total 960512K, used 160K [0x000000076b180000, 0x00000007bb400000, 0x00000007c0000000)
  eden space 960000K, 0% used [0x000000076b180000,0x000000076b180000,0x00000007a5b00000)
  from space 512K, 31% used [0x00000007bb380000,0x00000007bb3a8000,0x00000007bb400000)
  to   space 73216K, 0% used [0x00000007b2500000,0x00000007b2500000,0x00000007b6c80000)
 ParOldGen       total 146944K, used 103353K [0x00000006c1400000, 0x00000006ca380000, 0x000000076b180000)
  object space 146944K, 70% used [0x00000006c1400000,0x00000006c78ee7f0,0x00000006ca380000)
 Metaspace       used 82283K, capacity 85376K, committed 85720K, reserved 1126400K
  class space    used 8673K, capacity 9092K, committed 9216K, reserved 1048576K
}

